[01m[K/home/raz/projects/self_driving_OC_project/bumperbot_ws/src/bumperbot_controller/src/simple_controller.cpp:[m[K In function â€˜[01m[Kvoid velCallback(const TwistStamped&)[m[Kâ€™:
[01m[K/home/raz/projects/self_driving_OC_project/bumperbot_ws/src/bumperbot_controller/src/simple_controller.cpp:32:35:[m[K [01;31m[Kerror: [m[Kâ€˜[01m[Kspeed_conversion_[m[Kâ€™ was not declared in this scope
   32 |     Eigen::Vector2d wheel_speed = [01;31m[Kspeed_conversion_[m[K.inverse() * robot_speed;
      |                                   [01;31m[K^~~~~~~~~~~~~~~~~[m[K
[01m[K/home/raz/projects/self_driving_OC_project/bumperbot_ws/src/bumperbot_controller/src/simple_controller.cpp:38:5:[m[K [01;31m[Kerror: [m[Kâ€˜[01m[Kwheel_cmd_pub_[m[Kâ€™ was not declared in this scope
   38 |     [01;31m[Kwheel_cmd_pub_[m[K->publish(wheel_speed_msg);
      |     [01;31m[K^~~~~~~~~~~~~~[m[K
gmake[2]: *** [CMakeFiles/simple_controller.dir/build.make:76: CMakeFiles/simple_controller.dir/src/simple_controller.cpp.o] Error 1
gmake[1]: *** [CMakeFiles/Makefile2:192: CMakeFiles/simple_controller.dir/all] Error 2
gmake: *** [Makefile:146: all] Error 2
