[0.030s] Invoking command in '/home/raz/projects/self_driving_OC_project/bumperbot_ws/build/bumperbot_controller': CMAKE_PREFIX_PATH=${CMAKE_PREFIX_PATH}:/home/raz/PD_Robot/ros2_ws/install/sar_py_examples:/home/raz/projects/self_driving_OC_project/bumperbot_ws/install/bumperbot_py_examples:/opt/ros/humble /usr/bin/cmake --build /home/raz/projects/self_driving_OC_project/bumperbot_ws/build/bumperbot_controller -- -j16 -l16
[0.054s] -- Found ament_cmake: 1.3.11 (/opt/ros/humble/share/ament_cmake/cmake)
[0.176s] -- Override CMake install command with custom implementation using symlinks instead of copying resources
[0.183s] -- Found rclpy: 3.3.15 (/opt/ros/humble/share/rclpy/cmake)
[0.183s] -- Found std_msgs: 4.2.4 (/opt/ros/humble/share/std_msgs/cmake)
[0.206s] -- Found rosidl_generator_c: 3.1.6 (/opt/ros/humble/share/rosidl_generator_c/cmake)
[0.209s] -- Found rosidl_adapter: 3.1.6 (/opt/ros/humble/share/rosidl_adapter/cmake)
[0.214s] -- Found rosidl_generator_cpp: 3.1.6 (/opt/ros/humble/share/rosidl_generator_cpp/cmake)
[0.223s] -- Using all available rosidl_typesupport_c: rosidl_typesupport_fastrtps_c;rosidl_typesupport_introspection_c
[0.234s] -- Using all available rosidl_typesupport_cpp: rosidl_typesupport_fastrtps_cpp;rosidl_typesupport_introspection_cpp
[0.253s] -- Found geometry_msgs: 4.2.4 (/opt/ros/humble/share/geometry_msgs/cmake)
[0.267s] -- Found rclcpp: 16.0.11 (/opt/ros/humble/share/rclcpp/cmake)
[0.315s] -- Found rmw_implementation_cmake: 6.1.2 (/opt/ros/humble/share/rmw_implementation_cmake/cmake)
[0.321s] -- Found rmw_fastrtps_cpp: 6.2.7 (/opt/ros/humble/share/rmw_fastrtps_cpp/cmake)
[0.455s] -- Found OpenSSL: /usr/lib/x86_64-linux-gnu/libcrypto.so (found version "3.0.2")  
[0.487s] -- Found FastRTPS: /opt/ros/humble/include  
[0.536s] -- Using RMW implementation 'rmw_fastrtps_cpp' as default
[0.549s] -- Looking for pthread.h
[0.641s] -- Looking for pthread.h - found
[0.642s] -- Performing Test CMAKE_HAVE_LIBC_PTHREAD
[0.722s] -- Performing Test CMAKE_HAVE_LIBC_PTHREAD - Success
[0.723s] -- Found Threads: TRUE  
[0.834s] -- Found ament_lint_auto: 0.12.11 (/opt/ros/humble/share/ament_lint_auto/cmake)
[0.904s] -- Added test 'cppcheck' to perform static code analysis on C / C++ code
[0.904s] -- Configured cppcheck include dirs: /home/raz/projects/self_driving_OC_project/bumperbot_ws/src/bumperbot_controller/include
[0.904s] -- Configured cppcheck exclude dirs and/or files: 
[0.905s] -- Added test 'flake8' to check Python code syntax and style conventions
[0.905s] -- Added test 'lint_cmake' to check CMake code style
[0.906s] -- Added test 'pep257' to check Python code against some of the docstring style conventions in PEP 257
[0.907s] -- Added test 'uncrustify' to check C / C++ code style
[0.907s] -- Configured uncrustify additional arguments: 
[0.908s] -- Added test 'xmllint' to check XML markup files
[0.909s] -- Configuring done
[0.920s] -- Generating done
[0.924s] -- Build files have been written to: /home/raz/projects/self_driving_OC_project/bumperbot_ws/build/bumperbot_controller
[0.965s] [ 50%] [32mBuilding CXX object CMakeFiles/simple_controller.dir/src/simple_controller.cpp.o[0m
[0.974s] [ 50%] Built target ament_cmake_python_symlink_bumperbot_controller
[1.220s] running egg_info
[1.221s] writing bumperbot_controller.egg-info/PKG-INFO
[1.221s] writing dependency_links to bumperbot_controller.egg-info/dependency_links.txt
[1.221s] writing top-level names to bumperbot_controller.egg-info/top_level.txt
[1.224s] reading manifest file 'bumperbot_controller.egg-info/SOURCES.txt'
[1.224s] writing manifest file 'bumperbot_controller.egg-info/SOURCES.txt'
[1.263s] [ 50%] Built target ament_cmake_python_build_bumperbot_controller_egg
[3.588s] [01m[K/home/raz/projects/self_driving_OC_project/bumperbot_ws/src/bumperbot_controller/src/simple_controller.cpp:[m[K In function â€˜[01m[Kvoid velCallback(const TwistStamped&)[m[Kâ€™:
[3.588s] [01m[K/home/raz/projects/self_driving_OC_project/bumperbot_ws/src/bumperbot_controller/src/simple_controller.cpp:32:35:[m[K [01;31m[Kerror: [m[Kâ€˜[01m[Kspeed_conversion_[m[Kâ€™ was not declared in this scope
[3.588s]    32 |     Eigen::Vector2d wheel_speed = [01;31m[Kspeed_conversion_[m[K.inverse() * robot_speed;
[3.588s]       |                                   [01;31m[K^~~~~~~~~~~~~~~~~[m[K
[3.593s] [01m[K/home/raz/projects/self_driving_OC_project/bumperbot_ws/src/bumperbot_controller/src/simple_controller.cpp:38:5:[m[K [01;31m[Kerror: [m[Kâ€˜[01m[Kwheel_cmd_pub_[m[Kâ€™ was not declared in this scope
[3.593s]    38 |     [01;31m[Kwheel_cmd_pub_[m[K->publish(wheel_speed_msg);
[3.593s]       |     [01;31m[K^~~~~~~~~~~~~~[m[K
[5.888s] gmake[2]: *** [CMakeFiles/simple_controller.dir/build.make:76: CMakeFiles/simple_controller.dir/src/simple_controller.cpp.o] Error 1
[5.889s] gmake[1]: *** [CMakeFiles/Makefile2:192: CMakeFiles/simple_controller.dir/all] Error 2
[5.889s] gmake: *** [Makefile:146: all] Error 2
[5.892s] Invoked command in '/home/raz/projects/self_driving_OC_project/bumperbot_ws/build/bumperbot_controller' returned '2': CMAKE_PREFIX_PATH=${CMAKE_PREFIX_PATH}:/home/raz/PD_Robot/ros2_ws/install/sar_py_examples:/home/raz/projects/self_driving_OC_project/bumperbot_ws/install/bumperbot_py_examples:/opt/ros/humble /usr/bin/cmake --build /home/raz/projects/self_driving_OC_project/bumperbot_ws/build/bumperbot_controller -- -j16 -l16
