In file included from [01m[K/home/raz/projects/self_driving_OC_project/bumperbot_ws/build/bumperbot_msgs/rosidl_generator_c/bumperbot_msgs/srv/detail/get_transform__functions.h:19[m[K,
                 from [01m[K/home/raz/projects/self_driving_OC_project/bumperbot_ws/build/bumperbot_msgs/rosidl_generator_c/bumperbot_msgs/srv/detail/get_transform__functions.c:4[m[K:
[01m[K/home/raz/projects/self_driving_OC_project/bumperbot_ws/build/bumperbot_msgs/rosidl_generator_c/bumperbot_msgs/srv/detail/get_transform__struct.h:47:10:[m[K [01;31m[Kfatal error: [m[Kgeometry_msgs/msg/detail/transfrom_stamped__struct.h: No such file or directory
   47 | #include [01;31m[K"geometry_msgs/msg/detail/transfrom_stamped__struct.h"[m[K
      |          [01;31m[K^~~~~~~~~~~~~~~~~~~~~~~~~~~~~~~~~~~~~~~~~~~~~~~~~~~~~~[m[K
compilation terminated.
gmake[2]: *** [CMakeFiles/bumperbot_msgs__rosidl_generator_c.dir/build.make:195: CMakeFiles/bumperbot_msgs__rosidl_generator_c.dir/rosidl_generator_c/bumperbot_msgs/srv/detail/get_transform__functions.c.o] Error 1
gmake[2]: *** Waiting for unfinished jobs....
gmake[1]: *** [CMakeFiles/Makefile2:213: CMakeFiles/bumperbot_msgs__rosidl_generator_c.dir/all] Error 2
gmake[1]: *** Waiting for unfinished jobs....
In file included from [01m[K/home/raz/projects/self_driving_OC_project/bumperbot_ws/build/bumperbot_msgs/rosidl_typesupport_cpp/bumperbot_msgs/srv/get_transform__type_support.cpp:7[m[K:
[01m[K/home/raz/projects/self_driving_OC_project/bumperbot_ws/build/bumperbot_msgs/rosidl_generator_cpp/bumperbot_msgs/srv/detail/get_transform__struct.hpp:149:10:[m[K [01;31m[Kfatal error: [m[Kgeometry_msgs/msg/detail/transfrom_stamped__struct.hpp: No such file or directory
  149 | #include [01;31m[K"geometry_msgs/msg/detail/transfrom_stamped__struct.hpp"[m[K
      |          [01;31m[K^~~~~~~~~~~~~~~~~~~~~~~~~~~~~~~~~~~~~~~~~~~~~~~~~~~~~~~~[m[K
compilation terminated.
gmake[2]: *** [CMakeFiles/bumperbot_msgs__rosidl_typesupport_cpp.dir/build.make:164: CMakeFiles/bumperbot_msgs__rosidl_typesupport_cpp.dir/rosidl_typesupport_cpp/bumperbot_msgs/srv/get_transform__type_support.cpp.o] Error 1
gmake[2]: *** Waiting for unfinished jobs....
In file included from [01m[K/home/raz/projects/self_driving_OC_project/bumperbot_ws/build/bumperbot_msgs/rosidl_typesupport_introspection_cpp/bumperbot_msgs/srv/detail/get_transform__type_support.cpp:12[m[K:
[01m[K/home/raz/projects/self_driving_OC_project/bumperbot_ws/build/bumperbot_msgs/rosidl_generator_cpp/bumperbot_msgs/srv/detail/get_transform__struct.hpp:149:10:[m[K [01;31m[Kfatal error: [m[Kgeometry_msgs/msg/detail/transfrom_stamped__struct.hpp: No such file or directory
  149 | #include [01;31m[K"geometry_msgs/msg/detail/transfrom_stamped__struct.hpp"[m[K
      |          [01;31m[K^~~~~~~~~~~~~~~~~~~~~~~~~~~~~~~~~~~~~~~~~~~~~~~~~~~~~~~~[m[K
compilation terminated.
gmake[2]: *** [CMakeFiles/bumperbot_msgs__rosidl_typesupport_introspection_cpp.dir/build.make:172: CMakeFiles/bumperbot_msgs__rosidl_typesupport_introspection_cpp.dir/rosidl_typesupport_introspection_cpp/bumperbot_msgs/srv/detail/get_transform__type_support.cpp.o] Error 1
gmake[2]: *** Waiting for unfinished jobs....
In file included from [01m[K/home/raz/projects/self_driving_OC_project/bumperbot_ws/build/bumperbot_msgs/rosidl_typesupport_fastrtps_cpp/bumperbot_msgs/srv/detail/get_transform__rosidl_typesupport_fastrtps_cpp.hpp:11[m[K,
                 from [01m[K/home/raz/projects/self_driving_OC_project/bumperbot_ws/build/bumperbot_msgs/rosidl_typesupport_fastrtps_cpp/bumperbot_msgs/srv/detail/dds_fastrtps/get_transform__type_support.cpp:4[m[K:
[01m[K/home/raz/projects/self_driving_OC_project/bumperbot_ws/build/bumperbot_msgs/rosidl_generator_cpp/bumperbot_msgs/srv/detail/get_transform__struct.hpp:149:10:[m[K [01;31m[Kfatal error: [m[Kgeometry_msgs/msg/detail/transfrom_stamped__struct.hpp: No such file or directory
  149 | #include [01;31m[K"geometry_msgs/msg/detail/transfrom_stamped__struct.hpp"[m[K
      |          [01;31m[K^~~~~~~~~~~~~~~~~~~~~~~~~~~~~~~~~~~~~~~~~~~~~~~~~~~~~~~~[m[K
compilation terminated.
gmake[2]: *** [CMakeFiles/bumperbot_msgs__rosidl_typesupport_fastrtps_cpp.dir/build.make:172: CMakeFiles/bumperbot_msgs__rosidl_typesupport_fastrtps_cpp.dir/rosidl_typesupport_fastrtps_cpp/bumperbot_msgs/srv/detail/dds_fastrtps/get_transform__type_support.cpp.o] Error 1
gmake[2]: *** Waiting for unfinished jobs....
gmake[1]: *** [CMakeFiles/Makefile2:395: CMakeFiles/bumperbot_msgs__rosidl_typesupport_cpp.dir/all] Error 2
gmake[1]: *** [CMakeFiles/Makefile2:369: CMakeFiles/bumperbot_msgs__rosidl_typesupport_introspection_cpp.dir/all] Error 2
gmake[1]: *** [CMakeFiles/Makefile2:291: CMakeFiles/bumperbot_msgs__rosidl_typesupport_fastrtps_cpp.dir/all] Error 2
gmake: *** [Makefile:146: all] Error 2
