[0.021s] Invoking command in '/home/raz/projects/self_driving_OC_project/bumperbot_ws/build/bumperbot_msgs': CMAKE_PREFIX_PATH=${CMAKE_PREFIX_PATH}:/home/raz/PD_Robot/ros2_ws/install/sar_py_examples:/home/raz/projects/self_driving_OC_project/bumperbot_ws/install/bumperbot_py_examples:/opt/ros/humble /usr/bin/cmake --build /home/raz/projects/self_driving_OC_project/bumperbot_ws/build/bumperbot_msgs -- -j16 -l16
[0.042s] -- Found ament_cmake: 1.3.11 (/opt/ros/humble/share/ament_cmake/cmake)
[0.157s] -- Override CMake install command with custom implementation using symlinks instead of copying resources
[0.163s] -- Found std_msgs: 4.2.4 (/opt/ros/humble/share/std_msgs/cmake)
[0.185s] -- Found rosidl_generator_c: 3.1.6 (/opt/ros/humble/share/rosidl_generator_c/cmake)
[0.187s] -- Found rosidl_adapter: 3.1.6 (/opt/ros/humble/share/rosidl_adapter/cmake)
[0.192s] -- Found rosidl_generator_cpp: 3.1.6 (/opt/ros/humble/share/rosidl_generator_cpp/cmake)
[0.201s] -- Using all available rosidl_typesupport_c: rosidl_typesupport_fastrtps_c;rosidl_typesupport_introspection_c
[0.211s] -- Using all available rosidl_typesupport_cpp: rosidl_typesupport_fastrtps_cpp;rosidl_typesupport_introspection_cpp
[0.231s] -- Found rosidl_default_generators: 1.2.0 (/opt/ros/humble/share/rosidl_default_generators/cmake)
[0.237s] -- Found geometry_msgs: 4.2.4 (/opt/ros/humble/share/geometry_msgs/cmake)
[0.511s] -- Found ament_cmake_ros: 0.10.0 (/opt/ros/humble/share/ament_cmake_ros/cmake)
[0.887s] -- Using all available rosidl_typesupport_c: rosidl_typesupport_fastrtps_c;rosidl_typesupport_introspection_c
[1.038s] -- Using all available rosidl_typesupport_cpp: rosidl_typesupport_fastrtps_cpp;rosidl_typesupport_introspection_cpp
[1.058s] -- Found python_cmake_module: 0.10.0 (/opt/ros/humble/share/python_cmake_module/cmake)
[1.080s] -- Using PYTHON_EXECUTABLE: /usr/bin/python3
[1.080s] -- Using PYTHON_INCLUDE_DIRS: /usr/include/python3.10
[1.080s] -- Using PYTHON_LIBRARIES: /usr/lib/x86_64-linux-gnu/libpython3.10.so
[1.116s] -- Found ament_lint_auto: 0.12.11 (/opt/ros/humble/share/ament_lint_auto/cmake)
[1.125s] -- Added test 'lint_cmake' to check CMake code style
[1.126s] -- Added test 'xmllint' to check XML markup files
[1.129s] -- Configuring done
[1.168s] -- Generating done
[1.180s] -- Build files have been written to: /home/raz/projects/self_driving_OC_project/bumperbot_ws/build/bumperbot_msgs
[1.207s] [  2%] [34m[1mGenerating C code for ROS interfaces[0m
[1.219s] [  5%] [34m[1mGenerating C++ code for ROS interfaces[0m
[1.226s] [  5%] Built target ament_cmake_python_symlink_bumperbot_msgs
[1.461s] running egg_info
[1.462s] writing bumperbot_msgs.egg-info/PKG-INFO
[1.462s] writing dependency_links to bumperbot_msgs.egg-info/dependency_links.txt
[1.462s] writing top-level names to bumperbot_msgs.egg-info/top_level.txt
[1.465s] reading manifest file 'bumperbot_msgs.egg-info/SOURCES.txt'
[1.466s] writing manifest file 'bumperbot_msgs.egg-info/SOURCES.txt'
[1.499s] [  5%] Built target ament_cmake_python_build_bumperbot_msgs_egg
[1.525s] [35m[1mConsolidate compiler generated dependencies of target bumperbot_msgs__rosidl_generator_c[0m
[1.539s] [  7%] [32mBuilding C object CMakeFiles/bumperbot_msgs__rosidl_generator_c.dir/rosidl_generator_c/bumperbot_msgs/srv/detail/add_two_ints__functions.c.o[0m
[1.540s] [ 10%] [32mBuilding C object CMakeFiles/bumperbot_msgs__rosidl_generator_c.dir/rosidl_generator_c/bumperbot_msgs/srv/detail/get_transform__functions.c.o[0m
[1.553s] [ 10%] Built target bumperbot_msgs__cpp
[1.557s] In file included from [01m[K/home/raz/projects/self_driving_OC_project/bumperbot_ws/build/bumperbot_msgs/rosidl_generator_c/bumperbot_msgs/srv/detail/get_transform__functions.h:19[m[K,
[1.557s]                  from [01m[K/home/raz/projects/self_driving_OC_project/bumperbot_ws/build/bumperbot_msgs/rosidl_generator_c/bumperbot_msgs/srv/detail/get_transform__functions.c:4[m[K:
[1.557s] [01m[K/home/raz/projects/self_driving_OC_project/bumperbot_ws/build/bumperbot_msgs/rosidl_generator_c/bumperbot_msgs/srv/detail/get_transform__struct.h:47:10:[m[K [01;31m[Kfatal error: [m[Kgeometry_msgs/msg/detail/transfrom_stamped__struct.h: No such file or directory
[1.557s]    47 | #include [01;31m[K"geometry_msgs/msg/detail/transfrom_stamped__struct.h"[m[K
[1.557s]       |          [01;31m[K^~~~~~~~~~~~~~~~~~~~~~~~~~~~~~~~~~~~~~~~~~~~~~~~~~~~~~[m[K
[1.557s] compilation terminated.
[1.558s] gmake[2]: *** [CMakeFiles/bumperbot_msgs__rosidl_generator_c.dir/build.make:195: CMakeFiles/bumperbot_msgs__rosidl_generator_c.dir/rosidl_generator_c/bumperbot_msgs/srv/detail/get_transform__functions.c.o] Error 1
[1.558s] gmake[2]: *** Waiting for unfinished jobs....
[1.564s] [ 15%] [34m[1mGenerating C++ type support for eProsima Fast-RTPS[0m
[1.564s] [ 15%] [34m[1mGenerating C++ type support dispatch for ROS interfaces[0m
[1.564s] [ 17%] [34m[1mGenerating C++ introspection for ROS interfaces[0m
[1.587s] gmake[1]: *** [CMakeFiles/Makefile2:213: CMakeFiles/bumperbot_msgs__rosidl_generator_c.dir/all] Error 2
[1.587s] gmake[1]: *** Waiting for unfinished jobs....
[1.813s] [35m[1mConsolidate compiler generated dependencies of target bumperbot_msgs__rosidl_typesupport_cpp[0m
[1.828s] [ 23%] [32mBuilding CXX object CMakeFiles/bumperbot_msgs__rosidl_typesupport_cpp.dir/rosidl_typesupport_cpp/bumperbot_msgs/srv/get_transform__type_support.cpp.o[0m
[1.828s] [ 23%] [32mBuilding CXX object CMakeFiles/bumperbot_msgs__rosidl_typesupport_cpp.dir/rosidl_typesupport_cpp/bumperbot_msgs/srv/add_two_ints__type_support.cpp.o[0m
[1.845s] [35m[1mConsolidate compiler generated dependencies of target bumperbot_msgs__rosidl_typesupport_introspection_cpp[0m
[1.860s] [ 28%] [32mBuilding CXX object CMakeFiles/bumperbot_msgs__rosidl_typesupport_introspection_cpp.dir/rosidl_typesupport_introspection_cpp/bumperbot_msgs/srv/detail/add_two_ints__type_support.cpp.o[0m
[1.860s] [ 28%] [32mBuilding CXX object CMakeFiles/bumperbot_msgs__rosidl_typesupport_introspection_cpp.dir/rosidl_typesupport_introspection_cpp/bumperbot_msgs/srv/detail/get_transform__type_support.cpp.o[0m
[1.876s] [35m[1mConsolidate compiler generated dependencies of target bumperbot_msgs__rosidl_typesupport_fastrtps_cpp[0m
[1.884s] In file included from [01m[K/home/raz/projects/self_driving_OC_project/bumperbot_ws/build/bumperbot_msgs/rosidl_typesupport_cpp/bumperbot_msgs/srv/get_transform__type_support.cpp:7[m[K:
[1.884s] [01m[K/home/raz/projects/self_driving_OC_project/bumperbot_ws/build/bumperbot_msgs/rosidl_generator_cpp/bumperbot_msgs/srv/detail/get_transform__struct.hpp:149:10:[m[K [01;31m[Kfatal error: [m[Kgeometry_msgs/msg/detail/transfrom_stamped__struct.hpp: No such file or directory
[1.884s]   149 | #include [01;31m[K"geometry_msgs/msg/detail/transfrom_stamped__struct.hpp"[m[K
[1.885s]       |          [01;31m[K^~~~~~~~~~~~~~~~~~~~~~~~~~~~~~~~~~~~~~~~~~~~~~~~~~~~~~~~[m[K
[1.885s] compilation terminated.
[1.886s] gmake[2]: *** [CMakeFiles/bumperbot_msgs__rosidl_typesupport_cpp.dir/build.make:164: CMakeFiles/bumperbot_msgs__rosidl_typesupport_cpp.dir/rosidl_typesupport_cpp/bumperbot_msgs/srv/get_transform__type_support.cpp.o] Error 1
[1.886s] gmake[2]: *** Waiting for unfinished jobs....
[1.890s] [ 30%] [32mBuilding CXX object CMakeFiles/bumperbot_msgs__rosidl_typesupport_fastrtps_cpp.dir/rosidl_typesupport_fastrtps_cpp/bumperbot_msgs/srv/detail/dds_fastrtps/get_transform__type_support.cpp.o[0m
[1.890s] [ 33%] [32mBuilding CXX object CMakeFiles/bumperbot_msgs__rosidl_typesupport_fastrtps_cpp.dir/rosidl_typesupport_fastrtps_cpp/bumperbot_msgs/srv/detail/dds_fastrtps/add_two_ints__type_support.cpp.o[0m
[1.923s] In file included from [01m[K/home/raz/projects/self_driving_OC_project/bumperbot_ws/build/bumperbot_msgs/rosidl_typesupport_introspection_cpp/bumperbot_msgs/srv/detail/get_transform__type_support.cpp:12[m[K:
[1.923s] [01m[K/home/raz/projects/self_driving_OC_project/bumperbot_ws/build/bumperbot_msgs/rosidl_generator_cpp/bumperbot_msgs/srv/detail/get_transform__struct.hpp:149:10:[m[K [01;31m[Kfatal error: [m[Kgeometry_msgs/msg/detail/transfrom_stamped__struct.hpp: No such file or directory
[1.923s]   149 | #include [01;31m[K"geometry_msgs/msg/detail/transfrom_stamped__struct.hpp"[m[K
[1.923s]       |          [01;31m[K^~~~~~~~~~~~~~~~~~~~~~~~~~~~~~~~~~~~~~~~~~~~~~~~~~~~~~~~[m[K
[1.923s] compilation terminated.
[1.925s] gmake[2]: *** [CMakeFiles/bumperbot_msgs__rosidl_typesupport_introspection_cpp.dir/build.make:172: CMakeFiles/bumperbot_msgs__rosidl_typesupport_introspection_cpp.dir/rosidl_typesupport_introspection_cpp/bumperbot_msgs/srv/detail/get_transform__type_support.cpp.o] Error 1
[1.925s] gmake[2]: *** Waiting for unfinished jobs....
[1.948s] In file included from [01m[K/home/raz/projects/self_driving_OC_project/bumperbot_ws/build/bumperbot_msgs/rosidl_typesupport_fastrtps_cpp/bumperbot_msgs/srv/detail/get_transform__rosidl_typesupport_fastrtps_cpp.hpp:11[m[K,
[1.948s]                  from [01m[K/home/raz/projects/self_driving_OC_project/bumperbot_ws/build/bumperbot_msgs/rosidl_typesupport_fastrtps_cpp/bumperbot_msgs/srv/detail/dds_fastrtps/get_transform__type_support.cpp:4[m[K:
[1.948s] [01m[K/home/raz/projects/self_driving_OC_project/bumperbot_ws/build/bumperbot_msgs/rosidl_generator_cpp/bumperbot_msgs/srv/detail/get_transform__struct.hpp:149:10:[m[K [01;31m[Kfatal error: [m[Kgeometry_msgs/msg/detail/transfrom_stamped__struct.hpp: No such file or directory
[1.948s]   149 | #include [01;31m[K"geometry_msgs/msg/detail/transfrom_stamped__struct.hpp"[m[K
[1.948s]       |          [01;31m[K^~~~~~~~~~~~~~~~~~~~~~~~~~~~~~~~~~~~~~~~~~~~~~~~~~~~~~~~[m[K
[1.948s] compilation terminated.
[1.950s] gmake[2]: *** [CMakeFiles/bumperbot_msgs__rosidl_typesupport_fastrtps_cpp.dir/build.make:172: CMakeFiles/bumperbot_msgs__rosidl_typesupport_fastrtps_cpp.dir/rosidl_typesupport_fastrtps_cpp/bumperbot_msgs/srv/detail/dds_fastrtps/get_transform__type_support.cpp.o] Error 1
[1.950s] gmake[2]: *** Waiting for unfinished jobs....
[2.053s] gmake[1]: *** [CMakeFiles/Makefile2:395: CMakeFiles/bumperbot_msgs__rosidl_typesupport_cpp.dir/all] Error 2
[2.161s] gmake[1]: *** [CMakeFiles/Makefile2:369: CMakeFiles/bumperbot_msgs__rosidl_typesupport_introspection_cpp.dir/all] Error 2
[2.212s] gmake[1]: *** [CMakeFiles/Makefile2:291: CMakeFiles/bumperbot_msgs__rosidl_typesupport_fastrtps_cpp.dir/all] Error 2
[2.212s] gmake: *** [Makefile:146: all] Error 2
[2.216s] Invoked command in '/home/raz/projects/self_driving_OC_project/bumperbot_ws/build/bumperbot_msgs' returned '2': CMAKE_PREFIX_PATH=${CMAKE_PREFIX_PATH}:/home/raz/PD_Robot/ros2_ws/install/sar_py_examples:/home/raz/projects/self_driving_OC_project/bumperbot_ws/install/bumperbot_py_examples:/opt/ros/humble /usr/bin/cmake --build /home/raz/projects/self_driving_OC_project/bumperbot_ws/build/bumperbot_msgs -- -j16 -l16
